<?xml version="1.0" encoding="UTF-8"?>
<coverage generated="1635978885841" clover="3.2.0">
  <project timestamp="1635978885841" name="All files">
    <metrics statements="126" coveredstatements="85" conditionals="32" coveredconditionals="14" methods="53" coveredmethods="30" elements="211" coveredelements="129" complexity="0" loc="126" ncloc="126" packages="6" files="17" classes="17"/>
    <package name="src">
      <metrics statements="2" coveredstatements="0" conditionals="0" coveredconditionals="0" methods="1" coveredmethods="0"/>
      <file name="App.jsx" path="/home/rodrigo/Desktop/Ebytr/client/src/App.jsx">
        <metrics statements="1" coveredstatements="0" conditionals="0" coveredconditionals="0" methods="1" coveredmethods="0"/>
        <line num="11" count="0" type="stmt"/>
      </file>
      <file name="index.jsx" path="/home/rodrigo/Desktop/Ebytr/client/src/index.jsx">
        <metrics statements="1" coveredstatements="0" conditionals="0" coveredconditionals="0" methods="0" coveredmethods="0"/>
        <line num="5" count="0" type="stmt"/>
      </file>
    </package>
    <package name="src.Pages">
      <metrics statements="53" coveredstatements="47" conditionals="16" coveredconditionals="10" methods="22" coveredmethods="18"/>
      <file name="Home.jsx" path="/home/rodrigo/Desktop/Ebytr/client/src/Pages/Home.jsx">
        <metrics statements="32" coveredstatements="26" conditionals="10" coveredconditionals="7" methods="12" coveredmethods="8"/>
        <line num="21" count="15" type="stmt"/>
        <line num="22" count="15" type="stmt"/>
        <line num="23" count="15" type="stmt"/>
        <line num="24" count="15" type="stmt"/>
        <line num="25" count="15" type="stmt"/>
        <line num="26" count="15" type="stmt"/>
        <line num="28" count="15" type="stmt"/>
        <line num="30" count="2" type="stmt"/>
        <line num="32" count="15" type="stmt"/>
        <line num="33" count="1" type="stmt"/>
        <line num="36" count="15" type="stmt"/>
        <line num="37" count="1" type="stmt"/>
        <line num="38" count="1" type="cond" truecount="1" falsecount="1"/>
        <line num="39" count="1" type="stmt"/>
        <line num="40" count="1" type="stmt"/>
        <line num="41" count="1" type="stmt"/>
        <line num="45" count="15" type="stmt"/>
        <line num="46" count="0" type="stmt"/>
        <line num="47" count="0" type="stmt"/>
        <line num="48" count="0" type="stmt"/>
        <line num="51" count="15" type="stmt"/>
        <line num="52" count="1" type="cond" truecount="1" falsecount="1"/>
        <line num="53" count="1" type="stmt"/>
        <line num="54" count="1" type="stmt"/>
        <line num="58" count="15" type="cond" truecount="2" falsecount="0"/>
        <line num="59" count="13" type="cond" truecount="1" falsecount="1"/>
        <line num="61" count="13" type="stmt"/>
        <line num="71" count="10" type="stmt"/>
        <line num="85" count="0" type="stmt"/>
        <line num="91" count="0" type="stmt"/>
        <line num="97" count="0" type="stmt"/>
        <line num="110" count="1" type="stmt"/>
      </file>
      <file name="Login.jsx" path="/home/rodrigo/Desktop/Ebytr/client/src/Pages/Login.jsx">
        <metrics statements="11" coveredstatements="11" conditionals="4" coveredconditionals="2" methods="5" coveredmethods="5"/>
        <line num="11" count="30" type="stmt"/>
        <line num="12" count="30" type="stmt"/>
        <line num="13" count="30" type="stmt"/>
        <line num="14" count="30" type="stmt"/>
        <line num="16" count="30" type="stmt"/>
        <line num="17" count="3" type="stmt"/>
        <line num="18" count="3" type="cond" truecount="1" falsecount="1"/>
        <line num="21" count="30" type="stmt"/>
        <line num="29" count="16" type="stmt"/>
        <line num="34" count="11" type="stmt"/>
        <line num="41" count="1" type="stmt"/>
      </file>
      <file name="Register.jsx" path="/home/rodrigo/Desktop/Ebytr/client/src/Pages/Register.jsx">
        <metrics statements="10" coveredstatements="10" conditionals="2" coveredconditionals="1" methods="5" coveredmethods="5"/>
        <line num="11" count="35" type="stmt"/>
        <line num="12" count="35" type="stmt"/>
        <line num="13" count="35" type="stmt"/>
        <line num="14" count="35" type="stmt"/>
        <line num="15" count="35" type="stmt"/>
        <line num="17" count="35" type="stmt"/>
        <line num="32" count="6" type="stmt"/>
        <line num="39" count="16" type="stmt"/>
        <line num="46" count="12" type="stmt"/>
        <line num="53" count="1" type="stmt"/>
      </file>
    </package>
    <package name="src.api">
      <metrics statements="37" coveredstatements="19" conditionals="8" coveredconditionals="3" methods="15" coveredmethods="4"/>
      <file name="addTask.js" path="/home/rodrigo/Desktop/Ebytr/client/src/api/addTask.js">
        <metrics statements="5" coveredstatements="5" conditionals="0" coveredconditionals="0" methods="2" coveredmethods="2"/>
        <line num="4" count="1" type="stmt"/>
        <line num="5" count="1" type="stmt"/>
        <line num="6" count="1" type="stmt"/>
        <line num="8" count="1" type="stmt"/>
        <line num="14" count="1" type="stmt"/>
      </file>
      <file name="createUser.js" path="/home/rodrigo/Desktop/Ebytr/client/src/api/createUser.js">
        <metrics statements="6" coveredstatements="5" conditionals="8" coveredconditionals="3" methods="1" coveredmethods="1"/>
        <line num="9" count="1" type="stmt"/>
        <line num="10" count="1" type="cond" truecount="1" falsecount="1"/>
        <line num="11" count="1" type="cond" truecount="1" falsecount="1"/>
        <line num="12" count="1" type="cond" truecount="1" falsecount="1"/>
        <line num="14" count="1" type="stmt"/>
        <line num="20" count="0" type="cond" truecount="0" falsecount="2"/>
      </file>
      <file name="deleteTask.js" path="/home/rodrigo/Desktop/Ebytr/client/src/api/deleteTask.js">
        <metrics statements="4" coveredstatements="1" conditionals="0" coveredconditionals="0" methods="2" coveredmethods="0"/>
        <line num="3" count="1" type="stmt"/>
        <line num="4" count="0" type="stmt"/>
        <line num="6" count="0" type="stmt"/>
        <line num="12" count="0" type="stmt"/>
      </file>
      <file name="editTask.js" path="/home/rodrigo/Desktop/Ebytr/client/src/api/editTask.js">
        <metrics statements="6" coveredstatements="1" conditionals="0" coveredconditionals="0" methods="3" coveredmethods="0"/>
        <line num="4" count="1" type="stmt"/>
        <line num="5" count="0" type="stmt"/>
        <line num="6" count="0" type="stmt"/>
        <line num="8" count="0" type="stmt"/>
        <line num="15" count="0" type="stmt"/>
        <line num="16" count="0" type="stmt"/>
      </file>
      <file name="loginUser.js" path="/home/rodrigo/Desktop/Ebytr/client/src/api/loginUser.js">
        <metrics statements="6" coveredstatements="3" conditionals="0" coveredconditionals="0" methods="1" coveredmethods="1"/>
        <line num="3" count="1" type="stmt"/>
        <line num="4" count="1" type="stmt"/>
        <line num="5" count="1" type="stmt"/>
        <line num="10" count="0" type="stmt"/>
        <line num="11" count="0" type="stmt"/>
        <line num="13" count="0" type="stmt"/>
      </file>
      <file name="sortTasks.js" path="/home/rodrigo/Desktop/Ebytr/client/src/api/sortTasks.js">
        <metrics statements="10" coveredstatements="4" conditionals="0" coveredconditionals="0" methods="6" coveredmethods="0"/>
        <line num="4" count="1" type="stmt"/>
        <line num="5" count="0" type="stmt"/>
        <line num="6" count="0" type="stmt"/>
        <line num="9" count="1" type="stmt"/>
        <line num="10" count="0" type="stmt"/>
        <line num="11" count="0" type="stmt"/>
        <line num="14" count="1" type="stmt"/>
        <line num="15" count="0" type="stmt"/>
        <line num="16" count="0" type="stmt"/>
        <line num="19" count="1" type="stmt"/>
      </file>
    </package>
    <package name="src.components">
      <metrics statements="27" coveredstatements="12" conditionals="8" coveredconditionals="1" methods="11" coveredmethods="4"/>
      <file name="Header.jsx" path="/home/rodrigo/Desktop/Ebytr/client/src/components/Header.jsx">
        <metrics statements="3" coveredstatements="3" conditionals="0" coveredconditionals="0" methods="2" coveredmethods="2"/>
        <line num="7" count="14" type="stmt"/>
        <line num="17" count="1" type="stmt"/>
        <line num="26" count="2" type="stmt"/>
      </file>
      <file name="Modal.jsx" path="/home/rodrigo/Desktop/Ebytr/client/src/components/Modal.jsx">
        <metrics statements="8" coveredstatements="1" conditionals="2" coveredconditionals="0" methods="4" coveredmethods="0"/>
        <line num="11" count="0" type="stmt"/>
        <line num="12" count="0" type="stmt"/>
        <line num="14" count="0" type="stmt"/>
        <line num="15" count="0" type="cond" truecount="0" falsecount="2"/>
        <line num="18" count="0" type="stmt"/>
        <line num="26" count="0" type="stmt"/>
        <line num="30" count="0" type="stmt"/>
        <line num="46" count="1" type="stmt"/>
      </file>
      <file name="Task.jsx" path="/home/rodrigo/Desktop/Ebytr/client/src/components/Task.jsx">
        <metrics statements="15" coveredstatements="7" conditionals="6" coveredconditionals="1" methods="4" coveredmethods="1"/>
        <line num="17" count="1" type="stmt"/>
        <line num="18" count="1" type="stmt"/>
        <line num="20" count="1" type="stmt"/>
        <line num="22" count="1" type="stmt"/>
        <line num="23" count="0" type="stmt"/>
        <line num="26" count="0" type="stmt"/>
        <line num="28" count="0" type="cond" truecount="0" falsecount="4"/>
        <line num="29" count="0" type="stmt"/>
        <line num="31" count="0" type="stmt"/>
        <line num="32" count="0" type="stmt"/>
        <line num="36" count="1" type="cond" truecount="1" falsecount="1"/>
        <line num="37" count="0" type="stmt"/>
        <line num="51" count="1" type="stmt"/>
        <line num="63" count="0" type="stmt"/>
        <line num="71" count="1" type="stmt"/>
      </file>
      <file name="TasksNotFound.jsx" path="/home/rodrigo/Desktop/Ebytr/client/src/components/TasksNotFound.jsx">
        <metrics statements="1" coveredstatements="1" conditionals="0" coveredconditionals="0" methods="1" coveredmethods="1"/>
        <line num="6" count="13" type="stmt"/>
      </file>
    </package>
    <package name="src.tests">
      <metrics statements="3" coveredstatements="3" conditionals="0" coveredconditionals="0" methods="1" coveredmethods="1"/>
      <file name="renderWithRouter.jsx" path="/home/rodrigo/Desktop/Ebytr/client/src/tests/renderWithRouter.jsx">
        <metrics statements="3" coveredstatements="3" conditionals="0" coveredconditionals="0" methods="1" coveredmethods="1"/>
        <line num="6" count="4" type="stmt"/>
        <line num="7" count="6" type="stmt"/>
        <line num="8" count="6" type="stmt"/>
      </file>
    </package>
    <package name="src.validations">
      <metrics statements="4" coveredstatements="4" conditionals="0" coveredconditionals="0" methods="3" coveredmethods="3"/>
      <file name="validations.js" path="/home/rodrigo/Desktop/Ebytr/client/src/validations/validations.js">
        <metrics statements="4" coveredstatements="4" conditionals="0" coveredconditionals="0" methods="3" coveredmethods="3"/>
        <line num="1" count="1" type="stmt"/>
        <line num="3" count="1" type="stmt"/>
        <line num="5" count="1" type="stmt"/>
        <line num="7" count="1" type="stmt"/>
      </file>
    </package>
  </project>
</coverage>
