{"/home/rodrigo/Desktop/Ebytr/client/src/App.jsx": {"path":"/home/rodrigo/Desktop/Ebytr/client/src/App.jsx","statementMap":{"0":{"start":{"line":11,"column":2},"end":{"line":19,"column":4}}},"fnMap":{"0":{"name":"App","decl":{"start":{"line":10,"column":9},"end":{"line":10,"column":12}},"loc":{"start":{"line":10,"column":15},"end":{"line":20,"column":1}},"line":10}},"branchMap":{},"s":{"0":0},"f":{"0":0},"b":{}}
,"/home/rodrigo/Desktop/Ebytr/client/src/index.jsx": {"path":"/home/rodrigo/Desktop/Ebytr/client/src/index.jsx","statementMap":{"0":{"start":{"line":5,"column":0},"end":{"line":5,"column":58}}},"fnMap":{},"branchMap":{},"s":{"0":0},"f":{},"b":{}}
,"/home/rodrigo/Desktop/Ebytr/client/src/Pages/Home.jsx": {"path":"/home/rodrigo/Desktop/Ebytr/client/src/Pages/Home.jsx","statementMap":{"0":{"start":{"line":21,"column":26},"end":{"line":21,"column":46}},"1":{"start":{"line":22,"column":30},"end":{"line":22,"column":51}},"2":{"start":{"line":23,"column":48},"end":{"line":23,"column":66}},"3":{"start":{"line":24,"column":26},"end":{"line":24,"column":44}},"4":{"start":{"line":25,"column":32},"end":{"line":25,"column":53}},"5":{"start":{"line":26,"column":18},"end":{"line":26,"column":30}},"6":{"start":{"line":28,"column":21},"end":{"line":30,"column":47}},"7":{"start":{"line":28,"column":27},"end":{"line":30,"column":47}},"8":{"start":{"line":30,"column":24},"end":{"line":30,"column":46}},"9":{"start":{"line":32,"column":2},"end":{"line":34,"column":9}},"10":{"start":{"line":33,"column":4},"end":{"line":33,"column":17}},"11":{"start":{"line":36,"column":2},"end":{"line":43,"column":9}},"12":{"start":{"line":37,"column":18},"end":{"line":37,"column":47}},"13":{"start":{"line":38,"column":4},"end":{"line":42,"column":5}},"14":{"start":{"line":39,"column":6},"end":{"line":39,"column":22}},"15":{"start":{"line":40,"column":22},"end":{"line":40,"column":40}},"16":{"start":{"line":41,"column":6},"end":{"line":41,"column":33}},"17":{"start":{"line":45,"column":21},"end":{"line":49,"column":3}},"18":{"start":{"line":46,"column":4},"end":{"line":46,"column":25}},"19":{"start":{"line":47,"column":4},"end":{"line":47,"column":21}},"20":{"start":{"line":48,"column":4},"end":{"line":48,"column":22}},"21":{"start":{"line":51,"column":27},"end":{"line":56,"column":3}},"22":{"start":{"line":52,"column":4},"end":{"line":55,"column":5}},"23":{"start":{"line":53,"column":6},"end":{"line":53,"column":43}},"24":{"start":{"line":54,"column":6},"end":{"line":54,"column":29}},"25":{"start":{"line":58,"column":2},"end":{"line":58,"column":42}},"26":{"start":{"line":58,"column":13},"end":{"line":58,"column":42}},"27":{"start":{"line":59,"column":2},"end":{"line":59,"column":49}},"28":{"start":{"line":59,"column":15},"end":{"line":59,"column":49}},"29":{"start":{"line":61,"column":2},"end":{"line":125,"column":4}},"30":{"start":{"line":71,"column":36},"end":{"line":71,"column":68}},"31":{"start":{"line":85,"column":25},"end":{"line":85,"column":73}},"32":{"start":{"line":91,"column":25},"end":{"line":91,"column":71}},"33":{"start":{"line":97,"column":25},"end":{"line":97,"column":73}},"34":{"start":{"line":110,"column":12},"end":{"line":120,"column":14}}},"fnMap":{"0":{"name":"Home","decl":{"start":{"line":20,"column":9},"end":{"line":20,"column":13}},"loc":{"start":{"line":20,"column":16},"end":{"line":126,"column":1}},"line":20},"1":{"name":"(anonymous_1)","decl":{"start":{"line":28,"column":21},"end":{"line":28,"column":22}},"loc":{"start":{"line":28,"column":27},"end":{"line":30,"column":47}},"line":28},"2":{"name":"(anonymous_2)","decl":{"start":{"line":30,"column":10},"end":{"line":30,"column":11}},"loc":{"start":{"line":30,"column":24},"end":{"line":30,"column":46}},"line":30},"3":{"name":"(anonymous_3)","decl":{"start":{"line":32,"column":18},"end":{"line":32,"column":19}},"loc":{"start":{"line":32,"column":24},"end":{"line":34,"column":3}},"line":32},"4":{"name":"(anonymous_4)","decl":{"start":{"line":36,"column":18},"end":{"line":36,"column":19}},"loc":{"start":{"line":36,"column":24},"end":{"line":43,"column":3}},"line":36},"5":{"name":"(anonymous_5)","decl":{"start":{"line":45,"column":21},"end":{"line":45,"column":22}},"loc":{"start":{"line":45,"column":27},"end":{"line":49,"column":3}},"line":45},"6":{"name":"(anonymous_6)","decl":{"start":{"line":51,"column":27},"end":{"line":51,"column":28}},"loc":{"start":{"line":51,"column":33},"end":{"line":56,"column":3}},"line":51},"7":{"name":"(anonymous_7)","decl":{"start":{"line":71,"column":20},"end":{"line":71,"column":21}},"loc":{"start":{"line":71,"column":36},"end":{"line":71,"column":68}},"line":71},"8":{"name":"(anonymous_8)","decl":{"start":{"line":85,"column":19},"end":{"line":85,"column":20}},"loc":{"start":{"line":85,"column":25},"end":{"line":85,"column":73}},"line":85},"9":{"name":"(anonymous_9)","decl":{"start":{"line":91,"column":19},"end":{"line":91,"column":20}},"loc":{"start":{"line":91,"column":25},"end":{"line":91,"column":71}},"line":91},"10":{"name":"(anonymous_10)","decl":{"start":{"line":97,"column":19},"end":{"line":97,"column":20}},"loc":{"start":{"line":97,"column":25},"end":{"line":97,"column":73}},"line":97},"11":{"name":"(anonymous_11)","decl":{"start":{"line":107,"column":19},"end":{"line":107,"column":20}},"loc":{"start":{"line":110,"column":12},"end":{"line":120,"column":14}},"line":110}},"branchMap":{"0":{"loc":{"start":{"line":38,"column":4},"end":{"line":42,"column":5}},"type":"if","locations":[{"start":{"line":38,"column":4},"end":{"line":42,"column":5}},{"start":{},"end":{}}],"line":38},"1":{"loc":{"start":{"line":52,"column":4},"end":{"line":55,"column":5}},"type":"if","locations":[{"start":{"line":52,"column":4},"end":{"line":55,"column":5}},{"start":{},"end":{}}],"line":52},"2":{"loc":{"start":{"line":58,"column":2},"end":{"line":58,"column":42}},"type":"if","locations":[{"start":{"line":58,"column":2},"end":{"line":58,"column":42}},{"start":{},"end":{}}],"line":58},"3":{"loc":{"start":{"line":59,"column":2},"end":{"line":59,"column":49}},"type":"if","locations":[{"start":{"line":59,"column":2},"end":{"line":59,"column":49}},{"start":{},"end":{}}],"line":59},"4":{"loc":{"start":{"line":104,"column":9},"end":{"line":122,"column":9}},"type":"cond-expr","locations":[{"start":{"line":105,"column":10},"end":{"line":105,"column":27}},{"start":{"line":107,"column":10},"end":{"line":121,"column":12}}],"line":104}},"s":{"0":0,"1":0,"2":0,"3":0,"4":0,"5":0,"6":0,"7":0,"8":0,"9":0,"10":0,"11":0,"12":0,"13":0,"14":0,"15":0,"16":0,"17":0,"18":0,"19":0,"20":0,"21":0,"22":0,"23":0,"24":0,"25":0,"26":0,"27":0,"28":0,"29":0,"30":0,"31":0,"32":0,"33":0,"34":0},"f":{"0":0,"1":0,"2":0,"3":0,"4":0,"5":0,"6":0,"7":0,"8":0,"9":0,"10":0,"11":0},"b":{"0":[0,0],"1":[0,0],"2":[0,0],"3":[0,0],"4":[0,0]}}
,"/home/rodrigo/Desktop/Ebytr/client/src/Pages/Login.jsx": {"path":"/home/rodrigo/Desktop/Ebytr/client/src/Pages/Login.jsx","statementMap":{"0":{"start":{"line":11,"column":28},"end":{"line":11,"column":46}},"1":{"start":{"line":12,"column":34},"end":{"line":12,"column":52}},"2":{"start":{"line":13,"column":34},"end":{"line":13,"column":55}},"3":{"start":{"line":14,"column":28},"end":{"line":14,"column":46}},"4":{"start":{"line":16,"column":2},"end":{"line":19,"column":9}},"5":{"start":{"line":17,"column":18},"end":{"line":17,"column":47}},"6":{"start":{"line":18,"column":4},"end":{"line":18,"column":33}},"7":{"start":{"line":18,"column":15},"end":{"line":18,"column":33}},"8":{"start":{"line":21,"column":2},"end":{"line":56,"column":4}},"9":{"start":{"line":29,"column":34},"end":{"line":29,"column":56}},"10":{"start":{"line":34,"column":34},"end":{"line":34,"column":59}},"11":{"start":{"line":41,"column":23},"end":{"line":41,"column":72}}},"fnMap":{"0":{"name":"Login","decl":{"start":{"line":10,"column":9},"end":{"line":10,"column":14}},"loc":{"start":{"line":10,"column":17},"end":{"line":57,"column":1}},"line":10},"1":{"name":"(anonymous_1)","decl":{"start":{"line":16,"column":18},"end":{"line":16,"column":19}},"loc":{"start":{"line":16,"column":24},"end":{"line":19,"column":3}},"line":16},"2":{"name":"(anonymous_2)","decl":{"start":{"line":29,"column":18},"end":{"line":29,"column":19}},"loc":{"start":{"line":29,"column":34},"end":{"line":29,"column":56}},"line":29},"3":{"name":"(anonymous_3)","decl":{"start":{"line":34,"column":18},"end":{"line":34,"column":19}},"loc":{"start":{"line":34,"column":34},"end":{"line":34,"column":59}},"line":34},"4":{"name":"(anonymous_4)","decl":{"start":{"line":41,"column":17},"end":{"line":41,"column":18}},"loc":{"start":{"line":41,"column":23},"end":{"line":41,"column":72}},"line":41}},"branchMap":{"0":{"loc":{"start":{"line":18,"column":4},"end":{"line":18,"column":33}},"type":"if","locations":[{"start":{"line":18,"column":4},"end":{"line":18,"column":33}},{"start":{},"end":{}}],"line":18},"1":{"loc":{"start":{"line":54,"column":7},"end":{"line":54,"column":42}},"type":"binary-expr","locations":[{"start":{"line":54,"column":7},"end":{"line":54,"column":15}},{"start":{"line":54,"column":19},"end":{"line":54,"column":42}}],"line":54}},"s":{"0":30,"1":30,"2":30,"3":30,"4":30,"5":3,"6":3,"7":0,"8":30,"9":16,"10":11,"11":1},"f":{"0":30,"1":3,"2":16,"3":11,"4":1},"b":{"0":[0,3],"1":[30,0]},"_coverageSchema":"1a1c01bbd47fc00a2c39e90264f33305004495a9","hash":"7b58a2c7eebb0dba06269ed52709cc5017828ec6"}
,"/home/rodrigo/Desktop/Ebytr/client/src/Pages/Register.jsx": {"path":"/home/rodrigo/Desktop/Ebytr/client/src/Pages/Register.jsx","statementMap":{"0":{"start":{"line":11,"column":26},"end":{"line":11,"column":44}},"1":{"start":{"line":12,"column":28},"end":{"line":12,"column":46}},"2":{"start":{"line":13,"column":34},"end":{"line":13,"column":52}},"3":{"start":{"line":14,"column":28},"end":{"line":14,"column":46}},"4":{"start":{"line":15,"column":32},"end":{"line":15,"column":53}},"5":{"start":{"line":17,"column":2},"end":{"line":62,"column":4}},"6":{"start":{"line":32,"column":38},"end":{"line":32,"column":59}},"7":{"start":{"line":39,"column":38},"end":{"line":39,"column":60}},"8":{"start":{"line":46,"column":38},"end":{"line":46,"column":63}},"9":{"start":{"line":53,"column":27},"end":{"line":53,"column":82}}},"fnMap":{"0":{"name":"Register","decl":{"start":{"line":10,"column":9},"end":{"line":10,"column":17}},"loc":{"start":{"line":10,"column":20},"end":{"line":63,"column":1}},"line":10},"1":{"name":"(anonymous_1)","decl":{"start":{"line":32,"column":22},"end":{"line":32,"column":23}},"loc":{"start":{"line":32,"column":38},"end":{"line":32,"column":59}},"line":32},"2":{"name":"(anonymous_2)","decl":{"start":{"line":39,"column":22},"end":{"line":39,"column":23}},"loc":{"start":{"line":39,"column":38},"end":{"line":39,"column":60}},"line":39},"3":{"name":"(anonymous_3)","decl":{"start":{"line":46,"column":22},"end":{"line":46,"column":23}},"loc":{"start":{"line":46,"column":38},"end":{"line":46,"column":63}},"line":46},"4":{"name":"(anonymous_4)","decl":{"start":{"line":53,"column":21},"end":{"line":53,"column":22}},"loc":{"start":{"line":53,"column":27},"end":{"line":53,"column":82}},"line":53}},"branchMap":{"0":{"loc":{"start":{"line":58,"column":11},"end":{"line":58,"column":41}},"type":"binary-expr","locations":[{"start":{"line":58,"column":11},"end":{"line":58,"column":18}},{"start":{"line":58,"column":22},"end":{"line":58,"column":41}}],"line":58}},"s":{"0":35,"1":35,"2":35,"3":35,"4":35,"5":35,"6":6,"7":16,"8":12,"9":1},"f":{"0":35,"1":6,"2":16,"3":12,"4":1},"b":{"0":[35,0]},"_coverageSchema":"1a1c01bbd47fc00a2c39e90264f33305004495a9","hash":"800459c9f7fbcb93e6125f5a58b672b550f16580"}
,"/home/rodrigo/Desktop/Ebytr/client/src/api/addTask.js": {"path":"/home/rodrigo/Desktop/Ebytr/client/src/api/addTask.js","statementMap":{"0":{"start":{"line":4,"column":16},"end":{"line":15,"column":1}},"1":{"start":{"line":5,"column":16},"end":{"line":5,"column":45}},"2":{"start":{"line":6,"column":36},"end":{"line":6,"column":54}},"3":{"start":{"line":8,"column":2},"end":{"line":12,"column":5}},"4":{"start":{"line":14,"column":2},"end":{"line":14,"column":42}},"5":{"start":{"line":14,"column":19},"end":{"line":14,"column":37}}},"fnMap":{"0":{"name":"(anonymous_0)","decl":{"start":{"line":4,"column":16},"end":{"line":4,"column":17}},"loc":{"start":{"line":4,"column":57},"end":{"line":15,"column":1}},"line":4},"1":{"name":"(anonymous_1)","decl":{"start":{"line":14,"column":13},"end":{"line":14,"column":14}},"loc":{"start":{"line":14,"column":19},"end":{"line":14,"column":37}},"line":14}},"branchMap":{},"s":{"0":0,"1":0,"2":0,"3":0,"4":0,"5":0},"f":{"0":0,"1":0},"b":{}}
,"/home/rodrigo/Desktop/Ebytr/client/src/api/createUser.js": {"path":"/home/rodrigo/Desktop/Ebytr/client/src/api/createUser.js","statementMap":{"0":{"start":{"line":9,"column":19},"end":{"line":21,"column":1}},"1":{"start":{"line":10,"column":2},"end":{"line":10,"column":72}},"2":{"start":{"line":10,"column":25},"end":{"line":10,"column":72}},"3":{"start":{"line":11,"column":2},"end":{"line":11,"column":60}},"4":{"start":{"line":11,"column":27},"end":{"line":11,"column":60}},"5":{"start":{"line":12,"column":2},"end":{"line":12,"column":84}},"6":{"start":{"line":12,"column":33},"end":{"line":12,"column":84}},"7":{"start":{"line":14,"column":19},"end":{"line":18,"column":4}},"8":{"start":{"line":20,"column":2},"end":{"line":20,"column":33}},"9":{"start":{"line":20,"column":16},"end":{"line":20,"column":33}}},"fnMap":{"0":{"name":"(anonymous_0)","decl":{"start":{"line":9,"column":19},"end":{"line":9,"column":20}},"loc":{"start":{"line":9,"column":74},"end":{"line":21,"column":1}},"line":9}},"branchMap":{"0":{"loc":{"start":{"line":10,"column":2},"end":{"line":10,"column":72}},"type":"if","locations":[{"start":{"line":10,"column":2},"end":{"line":10,"column":72}},{"start":{},"end":{}}],"line":10},"1":{"loc":{"start":{"line":11,"column":2},"end":{"line":11,"column":60}},"type":"if","locations":[{"start":{"line":11,"column":2},"end":{"line":11,"column":60}},{"start":{},"end":{}}],"line":11},"2":{"loc":{"start":{"line":12,"column":2},"end":{"line":12,"column":84}},"type":"if","locations":[{"start":{"line":12,"column":2},"end":{"line":12,"column":84}},{"start":{},"end":{}}],"line":12},"3":{"loc":{"start":{"line":20,"column":2},"end":{"line":20,"column":33}},"type":"if","locations":[{"start":{"line":20,"column":2},"end":{"line":20,"column":33}},{"start":{},"end":{}}],"line":20}},"s":{"0":1,"1":1,"2":0,"3":1,"4":0,"5":1,"6":0,"7":1,"8":0,"9":0},"f":{"0":1},"b":{"0":[0,1],"1":[0,1],"2":[0,1],"3":[0,0]},"_coverageSchema":"1a1c01bbd47fc00a2c39e90264f33305004495a9","hash":"542c7d63a71b61397b21bed059d9707038c6fce1"}
,"/home/rodrigo/Desktop/Ebytr/client/src/api/deleteTask.js": {"path":"/home/rodrigo/Desktop/Ebytr/client/src/api/deleteTask.js","statementMap":{"0":{"start":{"line":3,"column":19},"end":{"line":13,"column":1}},"1":{"start":{"line":4,"column":16},"end":{"line":4,"column":45}},"2":{"start":{"line":6,"column":2},"end":{"line":10,"column":5}},"3":{"start":{"line":12,"column":2},"end":{"line":12,"column":42}},"4":{"start":{"line":12,"column":19},"end":{"line":12,"column":37}}},"fnMap":{"0":{"name":"(anonymous_0)","decl":{"start":{"line":3,"column":19},"end":{"line":3,"column":20}},"loc":{"start":{"line":3,"column":51},"end":{"line":13,"column":1}},"line":3},"1":{"name":"(anonymous_1)","decl":{"start":{"line":12,"column":13},"end":{"line":12,"column":14}},"loc":{"start":{"line":12,"column":19},"end":{"line":12,"column":37}},"line":12}},"branchMap":{},"s":{"0":0,"1":0,"2":0,"3":0,"4":0},"f":{"0":0,"1":0},"b":{}}
,"/home/rodrigo/Desktop/Ebytr/client/src/api/editTask.js": {"path":"/home/rodrigo/Desktop/Ebytr/client/src/api/editTask.js","statementMap":{"0":{"start":{"line":4,"column":17},"end":{"line":17,"column":1}},"1":{"start":{"line":5,"column":16},"end":{"line":5,"column":45}},"2":{"start":{"line":6,"column":29},"end":{"line":6,"column":47}},"3":{"start":{"line":8,"column":2},"end":{"line":13,"column":4}},"4":{"start":{"line":15,"column":2},"end":{"line":15,"column":39}},"5":{"start":{"line":15,"column":19},"end":{"line":15,"column":34}},"6":{"start":{"line":16,"column":2},"end":{"line":16,"column":42}},"7":{"start":{"line":16,"column":19},"end":{"line":16,"column":37}}},"fnMap":{"0":{"name":"(anonymous_0)","decl":{"start":{"line":4,"column":17},"end":{"line":4,"column":18}},"loc":{"start":{"line":4,"column":80},"end":{"line":17,"column":1}},"line":4},"1":{"name":"(anonymous_1)","decl":{"start":{"line":15,"column":13},"end":{"line":15,"column":14}},"loc":{"start":{"line":15,"column":19},"end":{"line":15,"column":34}},"line":15},"2":{"name":"(anonymous_2)","decl":{"start":{"line":16,"column":13},"end":{"line":16,"column":14}},"loc":{"start":{"line":16,"column":19},"end":{"line":16,"column":37}},"line":16}},"branchMap":{},"s":{"0":0,"1":0,"2":0,"3":0,"4":0,"5":0,"6":0,"7":0},"f":{"0":0,"1":0,"2":0},"b":{}}
,"/home/rodrigo/Desktop/Ebytr/client/src/api/loginUser.js": {"path":"/home/rodrigo/Desktop/Ebytr/client/src/api/loginUser.js","statementMap":{"0":{"start":{"line":3,"column":18},"end":{"line":15,"column":1}},"1":{"start":{"line":4,"column":2},"end":{"line":14,"column":3}},"2":{"start":{"line":5,"column":18},"end":{"line":8,"column":6}},"3":{"start":{"line":10,"column":4},"end":{"line":10,"column":19}},"4":{"start":{"line":11,"column":4},"end":{"line":11,"column":62}},"5":{"start":{"line":13,"column":4},"end":{"line":13,"column":30}}},"fnMap":{"0":{"name":"(anonymous_0)","decl":{"start":{"line":3,"column":18},"end":{"line":3,"column":19}},"loc":{"start":{"line":3,"column":65},"end":{"line":15,"column":1}},"line":3}},"branchMap":{},"s":{"0":1,"1":1,"2":1,"3":0,"4":0,"5":0},"f":{"0":1},"b":{},"_coverageSchema":"1a1c01bbd47fc00a2c39e90264f33305004495a9","hash":"10fc77090a4f18f2fa334ef034e2718ead73920f"}
,"/home/rodrigo/Desktop/Ebytr/client/src/api/sortTasks.js": {"path":"/home/rodrigo/Desktop/Ebytr/client/src/api/sortTasks.js","statementMap":{"0":{"start":{"line":4,"column":21},"end":{"line":7,"column":1}},"1":{"start":{"line":5,"column":2},"end":{"line":5,"column":75}},"2":{"start":{"line":5,"column":30},"end":{"line":5,"column":72}},"3":{"start":{"line":6,"column":2},"end":{"line":6,"column":23}},"4":{"start":{"line":9,"column":19},"end":{"line":12,"column":1}},"5":{"start":{"line":10,"column":2},"end":{"line":10,"column":90}},"6":{"start":{"line":10,"column":30},"end":{"line":10,"column":87}},"7":{"start":{"line":11,"column":2},"end":{"line":11,"column":23}},"8":{"start":{"line":14,"column":21},"end":{"line":17,"column":1}},"9":{"start":{"line":15,"column":2},"end":{"line":15,"column":65}},"10":{"start":{"line":15,"column":30},"end":{"line":15,"column":62}},"11":{"start":{"line":16,"column":2},"end":{"line":16,"column":23}},"12":{"start":{"line":19,"column":0},"end":{"line":23,"column":2}}},"fnMap":{"0":{"name":"(anonymous_0)","decl":{"start":{"line":4,"column":21},"end":{"line":4,"column":22}},"loc":{"start":{"line":4,"column":61},"end":{"line":7,"column":1}},"line":4},"1":{"name":"(anonymous_1)","decl":{"start":{"line":5,"column":20},"end":{"line":5,"column":21}},"loc":{"start":{"line":5,"column":30},"end":{"line":5,"column":72}},"line":5},"2":{"name":"(anonymous_2)","decl":{"start":{"line":9,"column":19},"end":{"line":9,"column":20}},"loc":{"start":{"line":9,"column":59},"end":{"line":12,"column":1}},"line":9},"3":{"name":"(anonymous_3)","decl":{"start":{"line":10,"column":20},"end":{"line":10,"column":21}},"loc":{"start":{"line":10,"column":30},"end":{"line":10,"column":87}},"line":10},"4":{"name":"(anonymous_4)","decl":{"start":{"line":14,"column":21},"end":{"line":14,"column":22}},"loc":{"start":{"line":14,"column":61},"end":{"line":17,"column":1}},"line":14},"5":{"name":"(anonymous_5)","decl":{"start":{"line":15,"column":20},"end":{"line":15,"column":21}},"loc":{"start":{"line":15,"column":30},"end":{"line":15,"column":62}},"line":15}},"branchMap":{},"s":{"0":0,"1":0,"2":0,"3":0,"4":0,"5":0,"6":0,"7":0,"8":0,"9":0,"10":0,"11":0,"12":0},"f":{"0":0,"1":0,"2":0,"3":0,"4":0,"5":0},"b":{}}
,"/home/rodrigo/Desktop/Ebytr/client/src/components/Header.jsx": {"path":"/home/rodrigo/Desktop/Ebytr/client/src/components/Header.jsx","statementMap":{"0":{"start":{"line":7,"column":2},"end":{"line":21,"column":4}},"1":{"start":{"line":17,"column":43},"end":{"line":17,"column":55}},"2":{"start":{"line":26,"column":0},"end":{"line":29,"column":2}}},"fnMap":{"0":{"name":"Header","decl":{"start":{"line":6,"column":9},"end":{"line":6,"column":15}},"loc":{"start":{"line":6,"column":38},"end":{"line":22,"column":1}},"line":6},"1":{"name":"(anonymous_1)","decl":{"start":{"line":17,"column":37},"end":{"line":17,"column":38}},"loc":{"start":{"line":17,"column":43},"end":{"line":17,"column":55}},"line":17}},"branchMap":{},"s":{"0":1,"1":1,"2":1},"f":{"0":1,"1":1},"b":{},"_coverageSchema":"1a1c01bbd47fc00a2c39e90264f33305004495a9","hash":"b14b3c63dcddd50bdc5db6c390925fb7a08377d3"}
,"/home/rodrigo/Desktop/Ebytr/client/src/components/Modal.jsx": {"path":"/home/rodrigo/Desktop/Ebytr/client/src/components/Modal.jsx","statementMap":{"0":{"start":{"line":11,"column":46},"end":{"line":11,"column":64}},"1":{"start":{"line":12,"column":38},"end":{"line":12,"column":63}},"2":{"start":{"line":14,"column":28},"end":{"line":16,"column":3}},"3":{"start":{"line":15,"column":4},"end":{"line":15,"column":87}},"4":{"start":{"line":15,"column":24},"end":{"line":15,"column":87}},"5":{"start":{"line":18,"column":2},"end":{"line":41,"column":4}},"6":{"start":{"line":26,"column":34},"end":{"line":26,"column":65}},"7":{"start":{"line":30,"column":54},"end":{"line":30,"column":81}},"8":{"start":{"line":46,"column":0},"end":{"line":53,"column":2}}},"fnMap":{"0":{"name":"Modal","decl":{"start":{"line":8,"column":9},"end":{"line":8,"column":14}},"loc":{"start":{"line":10,"column":3},"end":{"line":42,"column":1}},"line":10},"1":{"name":"(anonymous_1)","decl":{"start":{"line":14,"column":28},"end":{"line":14,"column":29}},"loc":{"start":{"line":14,"column":34},"end":{"line":16,"column":3}},"line":14},"2":{"name":"(anonymous_2)","decl":{"start":{"line":26,"column":18},"end":{"line":26,"column":19}},"loc":{"start":{"line":26,"column":34},"end":{"line":26,"column":65}},"line":26},"3":{"name":"(anonymous_3)","decl":{"start":{"line":30,"column":38},"end":{"line":30,"column":39}},"loc":{"start":{"line":30,"column":54},"end":{"line":30,"column":81}},"line":30}},"branchMap":{"0":{"loc":{"start":{"line":15,"column":4},"end":{"line":15,"column":87}},"type":"if","locations":[{"start":{"line":15,"column":4},"end":{"line":15,"column":87}},{"start":{},"end":{}}],"line":15}},"s":{"0":0,"1":0,"2":0,"3":0,"4":0,"5":0,"6":0,"7":0,"8":0},"f":{"0":0,"1":0,"2":0,"3":0},"b":{"0":[0,0]}}
,"/home/rodrigo/Desktop/Ebytr/client/src/components/Task.jsx": {"path":"/home/rodrigo/Desktop/Ebytr/client/src/components/Task.jsx","statementMap":{"0":{"start":{"line":17,"column":28},"end":{"line":17,"column":49}},"1":{"start":{"line":18,"column":28},"end":{"line":18,"column":46}},"2":{"start":{"line":20,"column":23},"end":{"line":20,"column":60}},"3":{"start":{"line":22,"column":40},"end":{"line":32,"column":3}},"4":{"start":{"line":23,"column":18},"end":{"line":23,"column":47}},"5":{"start":{"line":24,"column":56},"end":{"line":24,"column":74}},"6":{"start":{"line":26,"column":4},"end":{"line":31,"column":5}},"7":{"start":{"line":27,"column":6},"end":{"line":27,"column":21}},"8":{"start":{"line":29,"column":6},"end":{"line":29,"column":55}},"9":{"start":{"line":30,"column":6},"end":{"line":30,"column":43}},"10":{"start":{"line":30,"column":23},"end":{"line":30,"column":35}},"11":{"start":{"line":34,"column":2},"end":{"line":41,"column":3}},"12":{"start":{"line":35,"column":4},"end":{"line":40,"column":6}},"13":{"start":{"line":43,"column":2},"end":{"line":60,"column":4}},"14":{"start":{"line":55,"column":31},"end":{"line":55,"column":57}},"15":{"start":{"line":63,"column":0},"end":{"line":70,"column":2}}},"fnMap":{"0":{"name":"Task","decl":{"start":{"line":14,"column":9},"end":{"line":14,"column":13}},"loc":{"start":{"line":16,"column":3},"end":{"line":61,"column":1}},"line":16},"1":{"name":"(anonymous_1)","decl":{"start":{"line":22,"column":40},"end":{"line":22,"column":41}},"loc":{"start":{"line":22,"column":46},"end":{"line":32,"column":3}},"line":22},"2":{"name":"(anonymous_2)","decl":{"start":{"line":30,"column":17},"end":{"line":30,"column":18}},"loc":{"start":{"line":30,"column":23},"end":{"line":30,"column":35}},"line":30},"3":{"name":"(anonymous_3)","decl":{"start":{"line":55,"column":25},"end":{"line":55,"column":26}},"loc":{"start":{"line":55,"column":31},"end":{"line":55,"column":57}},"line":55}},"branchMap":{"0":{"loc":{"start":{"line":26,"column":4},"end":{"line":31,"column":5}},"type":"if","locations":[{"start":{"line":26,"column":4},"end":{"line":31,"column":5}},{"start":{"line":28,"column":11},"end":{"line":31,"column":5}}],"line":26},"1":{"loc":{"start":{"line":26,"column":8},"end":{"line":26,"column":42}},"type":"binary-expr","locations":[{"start":{"line":26,"column":8},"end":{"line":26,"column":33}},{"start":{"line":26,"column":37},"end":{"line":26,"column":42}}],"line":26},"2":{"loc":{"start":{"line":34,"column":2},"end":{"line":41,"column":3}},"type":"if","locations":[{"start":{"line":34,"column":2},"end":{"line":41,"column":3}},{"start":{},"end":{}}],"line":34}},"s":{"0":0,"1":0,"2":0,"3":0,"4":0,"5":0,"6":0,"7":0,"8":0,"9":0,"10":0,"11":0,"12":0,"13":0,"14":0,"15":0},"f":{"0":0,"1":0,"2":0,"3":0},"b":{"0":[0,0],"1":[0,0],"2":[0,0]}}
,"/home/rodrigo/Desktop/Ebytr/client/src/components/TasksNotFound.jsx": {"path":"/home/rodrigo/Desktop/Ebytr/client/src/components/TasksNotFound.jsx","statementMap":{"0":{"start":{"line":6,"column":2},"end":{"line":13,"column":4}}},"fnMap":{"0":{"name":"TasksNotFound","decl":{"start":{"line":5,"column":9},"end":{"line":5,"column":22}},"loc":{"start":{"line":5,"column":25},"end":{"line":14,"column":1}},"line":5}},"branchMap":{},"s":{"0":1},"f":{"0":1},"b":{},"_coverageSchema":"1a1c01bbd47fc00a2c39e90264f33305004495a9","hash":"62a40fa85c9de1e910bd6358c3579473404b765f"}
,"/home/rodrigo/Desktop/Ebytr/client/src/tests/renderWithRouter.jsx": {"path":"/home/rodrigo/Desktop/Ebytr/client/src/tests/renderWithRouter.jsx","statementMap":{"0":{"start":{"line":6,"column":25},"end":{"line":11,"column":1}},"1":{"start":{"line":7,"column":18},"end":{"line":7,"column":39}},"2":{"start":{"line":8,"column":2},"end":{"line":10,"column":5}}},"fnMap":{"0":{"name":"(anonymous_0)","decl":{"start":{"line":6,"column":25},"end":{"line":6,"column":26}},"loc":{"start":{"line":6,"column":40},"end":{"line":11,"column":1}},"line":6}},"branchMap":{},"s":{"0":4,"1":6,"2":6},"f":{"0":6},"b":{},"_coverageSchema":"1a1c01bbd47fc00a2c39e90264f33305004495a9","hash":"2cea39481fe99e8b86a67309d64e977e6b354c18"}
,"/home/rodrigo/Desktop/Ebytr/client/src/validations/validations.js": {"path":"/home/rodrigo/Desktop/Ebytr/client/src/validations/validations.js","statementMap":{"0":{"start":{"line":1,"column":20},"end":{"line":1,"column":65}},"1":{"start":{"line":1,"column":31},"end":{"line":1,"column":65}},"2":{"start":{"line":3,"column":19},"end":{"line":3,"column":44}},"3":{"start":{"line":3,"column":29},"end":{"line":3,"column":44}},"4":{"start":{"line":5,"column":23},"end":{"line":5,"column":56}},"5":{"start":{"line":5,"column":37},"end":{"line":5,"column":56}},"6":{"start":{"line":7,"column":0},"end":{"line":11,"column":2}}},"fnMap":{"0":{"name":"(anonymous_0)","decl":{"start":{"line":1,"column":20},"end":{"line":1,"column":21}},"loc":{"start":{"line":1,"column":31},"end":{"line":1,"column":65}},"line":1},"1":{"name":"(anonymous_1)","decl":{"start":{"line":3,"column":19},"end":{"line":3,"column":20}},"loc":{"start":{"line":3,"column":29},"end":{"line":3,"column":44}},"line":3},"2":{"name":"(anonymous_2)","decl":{"start":{"line":5,"column":23},"end":{"line":5,"column":24}},"loc":{"start":{"line":5,"column":37},"end":{"line":5,"column":56}},"line":5}},"branchMap":{},"s":{"0":1,"1":1,"2":1,"3":1,"4":1,"5":1,"6":1},"f":{"0":1,"1":1,"2":1},"b":{},"_coverageSchema":"1a1c01bbd47fc00a2c39e90264f33305004495a9","hash":"3be9ff89e89c16f8ed8906bbd5c2f3c31d8b93b4"}
}
