TN:
SF:src/App.jsx
FN:10,App
FNF:1
FNH:0
FNDA:0,App
DA:11,0
LF:1
LH:0
BRF:0
BRH:0
end_of_record
TN:
SF:src/index.jsx
FNF:0
FNH:0
DA:5,0
LF:1
LH:0
BRF:0
BRH:0
end_of_record
TN:
SF:src/api/addTask.js
FN:4,(anonymous_0)
FN:10,(anonymous_1)
FNF:2
FNH:1
FNDA:1,(anonymous_0)
FNDA:0,(anonymous_1)
DA:4,1
DA:5,1
DA:6,1
DA:8,1
DA:10,0
LF:5
LH:4
BRF:0
BRH:0
end_of_record
TN:
SF:src/api/createUser.js
FN:5,(anonymous_0)
FN:19,(anonymous_1)
FNF:2
FNH:1
FNDA:1,(anonymous_0)
FNDA:0,(anonymous_1)
DA:5,1
DA:6,1
DA:7,0
DA:10,1
DA:11,0
DA:14,1
DA:15,0
DA:18,1
DA:19,0
DA:21,0
LF:10
LH:5
BRDA:6,0,0,0
BRDA:6,0,1,1
BRDA:10,1,0,0
BRDA:10,1,1,1
BRDA:14,2,0,0
BRDA:14,2,1,1
BRDA:21,3,0,0
BRDA:21,3,1,0
BRF:8
BRH:3
end_of_record
TN:
SF:src/api/deleteTask.js
FN:3,(anonymous_0)
FN:10,(anonymous_1)
FNF:2
FNH:0
FNDA:0,(anonymous_0)
FNDA:0,(anonymous_1)
DA:3,1
DA:4,0
DA:6,0
DA:10,0
LF:4
LH:1
BRF:0
BRH:0
end_of_record
TN:
SF:src/api/editTask.js
FN:4,(anonymous_0)
FN:14,(anonymous_1)
FN:15,(anonymous_2)
FNF:3
FNH:0
FNDA:0,(anonymous_0)
FNDA:0,(anonymous_1)
FNDA:0,(anonymous_2)
DA:4,1
DA:5,0
DA:6,0
DA:8,0
DA:14,0
DA:15,0
LF:6
LH:1
BRF:0
BRH:0
end_of_record
TN:
SF:src/api/loginUser.js
FN:3,(anonymous_0)
FNF:1
FNH:1
FNDA:1,(anonymous_0)
DA:3,1
DA:4,1
DA:5,1
DA:7,0
DA:9,0
DA:11,0
LF:6
LH:3
BRF:0
BRH:0
end_of_record
TN:
SF:src/api/sortTasks.js
FN:1,(anonymous_0)
FN:2,(anonymous_1)
FNF:2
FNH:0
FNDA:0,(anonymous_0)
FNDA:0,(anonymous_1)
DA:1,1
DA:2,0
DA:3,0
LF:3
LH:1
BRF:0
BRH:0
end_of_record
TN:
SF:src/components/Header.jsx
FN:8,Header
FN:13,(anonymous_1)
FN:19,(anonymous_2)
FN:40,(anonymous_3)
FNF:4
FNH:2
FNDA:13,Header
FNDA:0,(anonymous_1)
FNDA:1,(anonymous_2)
FNDA:0,(anonymous_3)
DA:9,13
DA:10,13
DA:11,13
DA:13,13
DA:14,0
DA:15,0
DA:16,0
DA:19,13
DA:20,1
DA:21,1
DA:22,1
DA:23,1
DA:24,1
DA:28,13
DA:30,12
DA:40,0
LF:16
LH:12
BRDA:22,0,0,1
BRDA:22,0,1,0
BRDA:22,1,0,1
BRDA:22,1,1,1
BRDA:28,2,0,1
BRDA:28,2,1,12
BRF:6
BRH:5
end_of_record
TN:
SF:src/components/Modal.jsx
FN:8,Modal
FN:15,(anonymous_1)
FN:33,(anonymous_2)
FN:37,(anonymous_3)
FNF:4
FNH:0
FNDA:0,Modal
FNDA:0,(anonymous_1)
FNDA:0,(anonymous_2)
FNDA:0,(anonymous_3)
DA:11,0
DA:12,0
DA:13,0
DA:15,0
DA:16,0
DA:17,0
DA:19,0
DA:23,0
DA:33,0
DA:37,0
DA:53,1
LF:11
LH:1
BRDA:16,0,0,0
BRDA:16,0,1,0
BRF:2
BRH:0
end_of_record
TN:
SF:src/components/Task.jsx
FN:14,Task
FN:22,(anonymous_1)
FN:30,(anonymous_2)
FN:58,(anonymous_3)
FNF:4
FNH:1
FNDA:24,Task
FNDA:0,(anonymous_1)
FNDA:0,(anonymous_2)
FNDA:0,(anonymous_3)
DA:17,24
DA:18,24
DA:20,24
DA:22,24
DA:23,0
DA:24,0
DA:26,0
DA:27,0
DA:29,0
DA:30,0
DA:34,24
DA:35,0
DA:44,24
DA:58,0
DA:66,1
LF:15
LH:7
BRDA:26,0,0,0
BRDA:26,0,1,0
BRDA:26,1,0,0
BRDA:26,1,1,0
BRDA:34,2,0,0
BRDA:34,2,1,24
BRF:6
BRH:1
end_of_record
TN:
SF:src/components/TasksNotFound.jsx
FN:5,TasksNotFound
FNF:1
FNH:1
FNDA:1,TasksNotFound
DA:6,1
LF:1
LH:1
BRF:0
BRH:0
end_of_record
TN:
SF:src/pages/Home.jsx
FN:18,Home
FN:23,(anonymous_1)
FN:25,(anonymous_2)
FN:27,(anonymous_3)
FN:31,(anonymous_4)
FN:50,(anonymous_5)
FN:64,(anonymous_6)
FN:70,(anonymous_7)
FN:76,(anonymous_8)
FN:85,(anonymous_9)
FNF:10
FNH:7
FNDA:13,Home
FNDA:1,(anonymous_1)
FNDA:1,(anonymous_2)
FNDA:1,(anonymous_3)
FNDA:1,(anonymous_4)
FNDA:10,(anonymous_5)
FNDA:0,(anonymous_6)
FNDA:0,(anonymous_7)
FNDA:0,(anonymous_8)
FNDA:24,(anonymous_9)
DA:19,13
DA:20,13
DA:21,13
DA:23,13
DA:25,1
DA:27,13
DA:28,1
DA:31,13
DA:32,1
DA:33,1
DA:34,1
DA:38,13
DA:40,12
DA:50,10
DA:64,0
DA:70,0
DA:76,0
DA:88,24
LF:18
LH:15
BRDA:32,0,0,1
BRDA:32,0,1,0
BRDA:38,1,0,1
BRDA:38,1,1,12
BRDA:83,2,0,0
BRDA:83,2,1,12
BRF:6
BRH:4
end_of_record
TN:
SF:src/pages/Login.jsx
FN:10,Login
FN:16,(anonymous_1)
FN:29,(anonymous_2)
FN:34,(anonymous_3)
FN:41,(anonymous_4)
FNF:5
FNH:5
FNDA:30,Login
FNDA:3,(anonymous_1)
FNDA:16,(anonymous_2)
FNDA:11,(anonymous_3)
FNDA:1,(anonymous_4)
DA:11,30
DA:12,30
DA:13,30
DA:14,30
DA:16,30
DA:17,3
DA:18,3
DA:21,30
DA:29,16
DA:34,11
DA:41,1
LF:11
LH:11
BRDA:18,0,0,0
BRDA:18,0,1,3
BRDA:54,1,0,30
BRDA:54,1,1,0
BRF:4
BRH:2
end_of_record
TN:
SF:src/pages/Register.jsx
FN:10,Register
FN:32,(anonymous_1)
FN:39,(anonymous_2)
FN:46,(anonymous_3)
FN:53,(anonymous_4)
FNF:5
FNH:5
FNDA:35,Register
FNDA:6,(anonymous_1)
FNDA:16,(anonymous_2)
FNDA:12,(anonymous_3)
FNDA:1,(anonymous_4)
DA:11,35
DA:12,35
DA:13,35
DA:14,35
DA:15,35
DA:17,35
DA:32,6
DA:39,16
DA:46,12
DA:53,1
LF:10
LH:10
BRDA:58,0,0,35
BRDA:58,0,1,0
BRF:2
BRH:1
end_of_record
TN:
SF:src/tests/renderWithRouter.jsx
FN:6,(anonymous_0)
FNF:1
FNH:1
FNDA:5,(anonymous_0)
DA:6,3
DA:7,5
DA:8,5
LF:3
LH:3
BRF:0
BRH:0
end_of_record
TN:
SF:src/validations/validations.js
FN:1,(anonymous_0)
FN:3,(anonymous_1)
FN:5,(anonymous_2)
FNF:3
FNH:3
FNDA:1,(anonymous_0)
FNDA:1,(anonymous_1)
FNDA:1,(anonymous_2)
DA:1,1
DA:3,1
DA:5,1
DA:7,1
LF:4
LH:4
BRF:0
BRH:0
end_of_record
